info it worked if it ends with ok
verbose cli [ 'node', '/usr/local/bin/npm', 'install', 'zeromq' ]
info using npm@1.0.106
info using node@v0.6.12
verbose /usr/local/bin/node node symlink
verbose config file /Users/graham/.npmrc
verbose config file /usr/local/etc/npmrc
verbose config file /usr/local/lib/node_modules/npm/npmrc
silly testEngine { name: 'aprs-bz',
silly testEngine   version: '0.0.1',
silly testEngine   private: true,
silly testEngine   dependencies: 
silly testEngine    { express: '2.5.8',
silly testEngine      jade: '>= 0.0.1',
silly testEngine      'socket.io': '>= 0.0.1',
silly testEngine      zmq: '>= 0.0.1' },
silly testEngine   _id: 'aprs-bz@0.0.1',
silly testEngine   devDependencies: {},
silly testEngine   engines: { node: '*' },
silly testEngine   _engineSupported: true,
silly testEngine   _npmVersion: '1.0.106',
silly testEngine   _nodeVersion: 'v0.6.12',
silly testEngine   _defaultsLoaded: true }
verbose caching /Users/graham/Dropbox/Sites/aprs.bz/package.json
verbose loadDefaults aprs-bz@0.0.1
silly testEngine { name: 'express',
silly testEngine   description: 'Sinatra inspired web development framework',
silly testEngine   version: '2.5.8',
silly testEngine   author: { name: 'TJ Holowaychuk', email: 'tj@vision-media.ca' },
silly testEngine   contributors: 
silly testEngine    [ { name: 'TJ Holowaychuk', email: 'tj@vision-media.ca' },
silly testEngine      { name: 'Aaron Heckmann',
silly testEngine        email: 'aaron.heckmann+github@gmail.com' },
silly testEngine      { name: 'Ciaran Jessup', email: 'ciaranj@gmail.com' },
silly testEngine      { name: 'Guillermo Rauch', email: 'rauchg@gmail.com' } ],
silly testEngine   dependencies: { connect: '1.x', mime: '1.2.4', qs: '0.4.x', mkdirp: '0.3.0' },
silly testEngine   devDependencies: 
silly testEngine    { 'connect-form': '0.2.1',
silly testEngine      ejs: '0.4.2',
silly testEngine      expresso: '0.9.2',
silly testEngine      hamljs: '0.6.x',
silly testEngine      jade: '0.16.2',
silly testEngine      stylus: '0.13.0',
silly testEngine      should: '0.3.2',
silly testEngine      'express-messages': '0.0.2',
silly testEngine      'node-markdown': '>= 0.0.1',
silly testEngine      'connect-redis': '>= 0.0.1' },
silly testEngine   keywords: [ 'framework', 'sinatra', 'web', 'rest', 'restful' ],
silly testEngine   repository: { type: 'git', url: 'git://github.com/visionmedia/express.git' },
silly testEngine   main: 'index',
silly testEngine   bin: { express: './bin/express' },
silly testEngine   scripts: { test: 'make test', prepublish: 'npm prune' },
silly testEngine   engines: { node: '>= 0.4.1 < 0.7.0' },
silly testEngine   _id: 'express@2.5.8',
silly testEngine   _engineSupported: true,
silly testEngine   _npmVersion: '1.0.106',
silly testEngine   _nodeVersion: 'v0.6.12',
silly testEngine   _defaultsLoaded: true }
verbose caching /Users/graham/Dropbox/Sites/aprs.bz/node_modules/express/package.json
verbose loadDefaults express@2.5.8
silly testEngine { name: 'jade',
silly testEngine   description: 'Jade template engine',
silly testEngine   version: '0.20.3',
silly testEngine   author: { name: 'TJ Holowaychuk', email: 'tj@vision-media.ca' },
silly testEngine   repository: { type: 'git', url: 'git://github.com/visionmedia/jade.git' },
silly testEngine   main: './index.js',
silly testEngine   bin: { jade: './bin/jade' },
silly testEngine   dependencies: { commander: '0.5.x', mkdirp: '>= 0.0.7' },
silly testEngine   devDependencies: 
silly testEngine    { mocha: '*',
silly testEngine      'coffee-script': '>= 0.0.1',
silly testEngine      markdown: '>= 0.0.1',
silly testEngine      stylus: '>= 0.0.1',
silly testEngine      uubench: '0.0.1',
silly testEngine      'uglify-js': '>= 1.0.7' },
silly testEngine   scripts: { prepublish: 'npm prune' },
silly testEngine   engines: { node: '>= 0.1.98' },
silly testEngine   _id: 'jade@0.20.3',
silly testEngine   _engineSupported: true,
silly testEngine   _npmVersion: '1.0.106',
silly testEngine   _nodeVersion: 'v0.6.12',
silly testEngine   _defaultsLoaded: true }
verbose caching /Users/graham/Dropbox/Sites/aprs.bz/node_modules/jade/package.json
verbose loadDefaults jade@0.20.3
silly testEngine { name: 'socket.io',
silly testEngine   version: '0.9.1-1',
silly testEngine   description: 'Real-time apps made cross-browser & easy with a WebSocket-like API',
silly testEngine   homepage: 'http://socket.io',
silly testEngine   keywords: [ 'websocket', 'socket', 'realtime', 'socket.io', 'comet', 'ajax' ],
silly testEngine   author: { name: 'Guillermo Rauch', email: 'guillermo@learnboost.com' },
silly testEngine   contributors: 
silly testEngine    [ { name: 'Guillermo Rauch', email: 'rauchg@gmail.com' },
silly testEngine      { name: 'Arnout Kazemier', email: 'info@3rd-eden.com' },
silly testEngine      { name: 'Vladimir Dronnikov', email: 'dronnikov@gmail.com' },
silly testEngine      { name: 'Einar Otto Stangvik', email: 'einaros@gmail.com' } ],
silly testEngine   repository: 
silly testEngine    { type: 'git',
silly testEngine      url: 'git://github.com/LearnBoost/socket.io.git' },
silly testEngine   dependencies: 
silly testEngine    { 'socket.io-client': '0.9.1-1',
silly testEngine      policyfile: '0.0.4',
silly testEngine      redis: '0.6.7' },
silly testEngine   devDependencies: 
silly testEngine    { expresso: '0.9.2',
silly testEngine      should: '0.0.4',
silly testEngine      benchmark: '0.2.2',
silly testEngine      microtime: '0.1.3-1',
silly testEngine      colors: '0.5.1' },
silly testEngine   main: 'index',
silly testEngine   engines: { node: '>= 0.4.0' },
silly testEngine   scripts: { test: 'make test' },
silly testEngine   _id: 'socket.io@0.9.1-1',
silly testEngine   _engineSupported: true,
silly testEngine   _npmVersion: '1.0.106',
silly testEngine   _nodeVersion: 'v0.6.12',
silly testEngine   _defaultsLoaded: true }
verbose caching /Users/graham/Dropbox/Sites/aprs.bz/node_modules/socket.io/package.json
verbose loadDefaults socket.io@0.9.1-1
verbose has wscript [ undefined,
verbose has wscript   { file: '/Users/graham/Dropbox/Sites/aprs.bz/node_modules/zmq/package.json',
verbose has wscript     contributors: false,
verbose has wscript     serverjs: false,
verbose has wscript     wscript: true } ]
silly testEngine { name: 'zmq',
silly testEngine   version: '2.0.1',
silly testEngine   description: 'Bindings for node.js to zeromq',
silly testEngine   main: 'index',
silly testEngine   repository: 
silly testEngine    { type: 'git',
silly testEngine      url: 'git://github.com/JustinTulloss/zeromq.node.git' },
silly testEngine   devDependencies: { should: '*', jade: '*', dox: '*' },
silly testEngine   engines: { node: '>=0.3.0 < 0.7.0' },
silly testEngine   contributors: 
silly testEngine    [ { name: 'Justin Tulloss',
silly testEngine        email: 'justin.tulloss@gmail.com',
silly testEngine        url: 'http://justin.harmonize.fm' },
silly testEngine      { name: 'Stéphan Kochen',
silly testEngine        email: 'stephan@kochen.nl',
silly testEngine        url: 'http://stephan.kochen.nl/' },
silly testEngine      { name: 'Mike Castleman',
silly testEngine        email: 'm@mlcastle.net',
silly testEngine        url: 'http://mlcastle.net/' },
silly testEngine      { name: 'Matt Crocker' },
silly testEngine      { name: 'Jeremy Barnes',
silly testEngine        email: 'jeremy@barneso.com',
silly testEngine        url: 'http://www.barneso.com/' },
silly testEngine      { name: 'Rick',
silly testEngine        email: 'technoweenie@gmail.com',
silly testEngine        url: 'http://techno-weenie.net/' },
silly testEngine      { name: 'Corey Jewett', url: 'http://syntheticplayground.com/' },
silly testEngine      { name: 'Micheil Smith',
silly testEngine        email: 'micheil@brandedcode.com',
silly testEngine        url: 'http://brandedcode.com/' },
silly testEngine      { name: 'TJ Holowaychuk',
silly testEngine        email: 'tj@vision-media.ca',
silly testEngine        url: 'http://tjholowaychuk.com/' } ],
silly testEngine   _id: 'zmq@2.0.1',
silly testEngine   scripts: { preinstall: 'node-waf clean || true; node-waf configure build' },
silly testEngine   dependencies: {},
silly testEngine   _engineSupported: true,
silly testEngine   _npmVersion: '1.0.106',
silly testEngine   _nodeVersion: 'v0.6.12',
silly testEngine   _defaultsLoaded: true }
verbose caching /Users/graham/Dropbox/Sites/aprs.bz/node_modules/zmq/package.json
verbose loadDefaults zmq@2.0.1
verbose from cache /Users/graham/Dropbox/Sites/aprs.bz/package.json
verbose into /Users/graham/Dropbox/Sites/aprs.bz [ 'zeromq' ]
verbose cache add zeromq
verbose cache add [ 'zeromq', null ]
silly cache add: name, spec, args [ undefined, 'zeromq', [ 'zeromq', null ] ]
verbose parsed url { pathname: 'zeromq', path: 'zeromq', href: 'zeromq' }
info addNamed [ 'zeromq', '' ]
verbose addNamed [ null, '' ]
verbose GET zeromq
verbose raw, before any munging zeromq
verbose url resolving [ 'https://registry.npmjs.org/', './zeromq' ]
verbose url resolved https://registry.npmjs.org/zeromq
verbose etag "C4L3UQJEKTM3Z2HL082UH5XOI"
silly get cb [ 304,
silly get cb   { server: 'CouchDB/1.1.0 (Erlang OTP/R14B04)',
silly get cb     etag: '"C4L3UQJEKTM3Z2HL082UH5XOI"',
silly get cb     date: 'Mon, 05 Mar 2012 00:05:02 GMT',
silly get cb     'content-length': '0' } ]
verbose etag zeromq from cache
ERR! Error: No compatible version found: zeromq
ERR! No valid targets found.
ERR! Perhaps not compatible with your version of node?
ERR!     at installTargetsError (/usr/local/lib/node_modules/npm/lib/cache.js:424:10)
ERR!     at /usr/local/lib/node_modules/npm/lib/cache.js:406:17
ERR!     at saved (/usr/local/lib/node_modules/npm/lib/utils/npm-registry-client/get.js:136:7)
ERR!     at Object.cb [as oncomplete] (/usr/local/lib/node_modules/npm/node_modules/graceful-fs/graceful-fs.js:36:9)
ERR! Report this *entire* log at:
ERR!     <http://github.com/isaacs/npm/issues>
ERR! or email it to:
ERR!     <npm-@googlegroups.com>
ERR! 
ERR! System Darwin 11.3.0
ERR! command "node" "/usr/local/bin/npm" "install" "zeromq"
ERR! cwd /Users/graham/Dropbox/Sites/aprs.bz
ERR! node -v v0.6.12
ERR! npm -v 1.0.106
verbose exit [ 1, true ]
